
*** Running vivado
    with args -log adder4.vdi -applog -m64 -product Vivado -messageDb vivado.pb -mode batch -source adder4.tcl -notrace


****** Vivado v2023.1 (64-bit)
  **** SW Build 3865809 on Sun May  7 15:04:56 MDT 2023
  **** IP Build 3864474 on Sun May  7 20:36:21 MDT 2023
  **** SharedData Build 3865790 on Sun May 07 13:33:03 MDT 2023
    ** Copyright 1986-2022 Xilinx, Inc. All Rights Reserved.
    ** Copyright 2022-2023 Advanced Micro Devices, Inc. All Rights Reserved.

source adder4.tcl -notrace
Command: link_design -top adder4 -part xc7a35tcpg236-1
Design is defaulting to srcset: sources_1
Design is defaulting to constrset: constrs_1
INFO: [Device 21-403] Loading part xc7a35tcpg236-1
Netlist sorting complete. Time (s): cpu = 00:00:00 ; elapsed = 00:00:00 . Memory (MB): peak = 1628.316 ; gain = 0.000 ; free physical = 1864 ; free virtual = 11378
INFO: [Project 1-479] Netlist was created with Vivado 2023.1
INFO: [Project 1-570] Preparing netlist for logic optimization
Parsing XDC File [/home/lucas/lab_1/lab_1.srcs/constrs_1/imports/fpga/Basys-3-Master.xdc]
Finished Parsing XDC File [/home/lucas/lab_1/lab_1.srcs/constrs_1/imports/fpga/Basys-3-Master.xdc]
INFO: [Opt 31-138] Pushed 0 inverter(s) to 0 load pin(s).
Netlist sorting complete. Time (s): cpu = 00:00:00 ; elapsed = 00:00:00 . Memory (MB): peak = 1775.906 ; gain = 0.000 ; free physical = 1769 ; free virtual = 11284
INFO: [Project 1-111] Unisim Transformation Summary:
No Unisim elements were transformed.

5 Infos, 0 Warnings, 0 Critical Warnings and 0 Errors encountered.
link_design completed successfully
Command: opt_design
Attempting to get a license for feature 'Implementation' and/or device 'xc7a35t'
INFO: [Common 17-349] Got license for feature 'Implementation' and/or device 'xc7a35t'
Running DRC as a precondition to command opt_design

Starting DRC Task
INFO: [DRC 23-27] Running DRC with 8 threads
INFO: [Project 1-461] DRC finished with 0 Errors
INFO: [Project 1-462] Please refer to the DRC report (report_drc) for more information.

Time (s): cpu = 00:00:00.55 ; elapsed = 00:00:00.36 . Memory (MB): peak = 1865.688 ; gain = 85.812 ; free physical = 1744 ; free virtual = 11259

Starting Cache Timing Information Task
INFO: [Timing 38-35] Done setting XDC timing constraints.
Ending Cache Timing Information Task | Checksum: 14f7a8020

Time (s): cpu = 00:00:03 ; elapsed = 00:00:04 . Memory (MB): peak = 2326.547 ; gain = 460.859 ; free physical = 1318 ; free virtual = 10848

Starting Logic Optimization Task

Phase 1 Retarget
INFO: [Opt 31-138] Pushed 0 inverter(s) to 0 load pin(s).
INFO: [Opt 31-49] Retargeted 0 cell(s).
Phase 1 Retarget | Checksum: 14f7a8020

Time (s): cpu = 00:00:00.01 ; elapsed = 00:00:00.01 . Memory (MB): peak = 2613.367 ; gain = 0.000 ; free physical = 1032 ; free virtual = 10562
INFO: [Opt 31-389] Phase Retarget created 0 cells and removed 0 cells

Phase 2 Constant propagation
INFO: [Opt 31-138] Pushed 0 inverter(s) to 0 load pin(s).
Phase 2 Constant propagation | Checksum: 14f7a8020

Time (s): cpu = 00:00:00.01 ; elapsed = 00:00:00.01 . Memory (MB): peak = 2613.367 ; gain = 0.000 ; free physical = 1032 ; free virtual = 10562
INFO: [Opt 31-389] Phase Constant propagation created 0 cells and removed 0 cells

Phase 3 Sweep
Phase 3 Sweep | Checksum: 14f7a8020

Time (s): cpu = 00:00:00.01 ; elapsed = 00:00:00.01 . Memory (MB): peak = 2613.367 ; gain = 0.000 ; free physical = 1032 ; free virtual = 10562
INFO: [Opt 31-389] Phase Sweep created 0 cells and removed 0 cells

Phase 4 BUFG optimization
Phase 4 BUFG optimization | Checksum: 14f7a8020

Time (s): cpu = 00:00:00.01 ; elapsed = 00:00:00.01 . Memory (MB): peak = 2645.383 ; gain = 32.016 ; free physical = 1032 ; free virtual = 10562
INFO: [Opt 31-662] Phase BUFG optimization created 0 cells of which 0 are BUFGs and removed 0 cells.

Phase 5 Shift Register Optimization
INFO: [Opt 31-1064] SRL Remap converted 0 SRLs to 0 registers and converted 0 registers of register chains to 0 SRLs
Phase 5 Shift Register Optimization | Checksum: 14f7a8020

Time (s): cpu = 00:00:00.02 ; elapsed = 00:00:00.01 . Memory (MB): peak = 2645.383 ; gain = 32.016 ; free physical = 1032 ; free virtual = 10562
INFO: [Opt 31-389] Phase Shift Register Optimization created 0 cells and removed 0 cells

Phase 6 Post Processing Netlist
Phase 6 Post Processing Netlist | Checksum: 14f7a8020

Time (s): cpu = 00:00:00.02 ; elapsed = 00:00:00.01 . Memory (MB): peak = 2645.383 ; gain = 32.016 ; free physical = 1032 ; free virtual = 10562
INFO: [Opt 31-389] Phase Post Processing Netlist created 0 cells and removed 0 cells
Opt_design Change Summary
=========================


-------------------------------------------------------------------------------------------------------------------------
|  Phase                        |  #Cells created  |  #Cells Removed  |  #Constrained objects preventing optimizations  |
-------------------------------------------------------------------------------------------------------------------------
|  Retarget                     |               0  |               0  |                                              0  |
|  Constant propagation         |               0  |               0  |                                              0  |
|  Sweep                        |               0  |               0  |                                              0  |
|  BUFG optimization            |               0  |               0  |                                              0  |
|  Shift Register Optimization  |               0  |               0  |                                              0  |
|  Post Processing Netlist      |               0  |               0  |                                              0  |
-------------------------------------------------------------------------------------------------------------------------



Starting Connectivity Check Task

Time (s): cpu = 00:00:00 ; elapsed = 00:00:00.01 . Memory (MB): peak = 2645.383 ; gain = 0.000 ; free physical = 1032 ; free virtual = 10562
Ending Logic Optimization Task | Checksum: 14f7a8020

Time (s): cpu = 00:00:00.02 ; elapsed = 00:00:00.02 . Memory (MB): peak = 2645.383 ; gain = 32.016 ; free physical = 1032 ; free virtual = 10562

Starting Power Optimization Task
INFO: [Pwropt 34-132] Skipping clock gating for clocks with a period < 2.00 ns.
Ending Power Optimization Task | Checksum: 14f7a8020

Time (s): cpu = 00:00:00 ; elapsed = 00:00:00 . Memory (MB): peak = 2645.383 ; gain = 0.000 ; free physical = 1032 ; free virtual = 10562

Starting Final Cleanup Task
Ending Final Cleanup Task | Checksum: 14f7a8020

Time (s): cpu = 00:00:00 ; elapsed = 00:00:00 . Memory (MB): peak = 2645.383 ; gain = 0.000 ; free physical = 1032 ; free virtual = 10562

Starting Netlist Obfuscation Task
Netlist sorting complete. Time (s): cpu = 00:00:00 ; elapsed = 00:00:00 . Memory (MB): peak = 2645.383 ; gain = 0.000 ; free physical = 1032 ; free virtual = 10562
Ending Netlist Obfuscation Task | Checksum: 14f7a8020

Time (s): cpu = 00:00:00 ; elapsed = 00:00:00 . Memory (MB): peak = 2645.383 ; gain = 0.000 ; free physical = 1032 ; free virtual = 10562
INFO: [Common 17-83] Releasing license: Implementation
22 Infos, 0 Warnings, 0 Critical Warnings and 0 Errors encountered.
opt_design completed successfully
opt_design: Time (s): cpu = 00:00:05 ; elapsed = 00:00:05 . Memory (MB): peak = 2645.383 ; gain = 865.508 ; free physical = 1032 ; free virtual = 10562
INFO: [runtcl-4] Executing : report_drc -file adder4_drc_opted.rpt -pb adder4_drc_opted.pb -rpx adder4_drc_opted.rpx
Command: report_drc -file adder4_drc_opted.rpt -pb adder4_drc_opted.pb -rpx adder4_drc_opted.rpx
INFO: [IP_Flow 19-234] Refreshing IP repositories
INFO: [IP_Flow 19-1704] No user IP repositories specified
INFO: [IP_Flow 19-2313] Loaded Vivado IP repository '/home/lucas/Desktop/Xilinx/Vivado/2023.1/data/ip'.
INFO: [DRC 23-27] Running DRC with 8 threads
INFO: [Vivado_Tcl 2-168] The results of DRC are in file /home/lucas/lab_1/lab_1.runs/impl_1/adder4_drc_opted.rpt.
report_drc completed successfully
INFO: [Timing 38-480] Writing timing data to binary archive.
Writing XDEF routing.
Writing XDEF routing logical nets.
Writing XDEF routing special nets.
Write XDEF Complete: Time (s): cpu = 00:00:00.02 ; elapsed = 00:00:00.02 . Memory (MB): peak = 2717.418 ; gain = 0.000 ; free physical = 1022 ; free virtual = 10553
INFO: [Common 17-1381] The checkpoint '/home/lucas/lab_1/lab_1.runs/impl_1/adder4_opt.dcp' has been generated.
Command: place_design
Attempting to get a license for feature 'Implementation' and/or device 'xc7a35t'
INFO: [Common 17-349] Got license for feature 'Implementation' and/or device 'xc7a35t'
INFO: [DRC 23-27] Running DRC with 8 threads
INFO: [Vivado_Tcl 4-198] DRC finished with 0 Errors
INFO: [Vivado_Tcl 4-199] Please refer to the DRC report (report_drc) for more information.
Running DRC as a precondition to command place_design
INFO: [DRC 23-27] Running DRC with 8 threads
INFO: [Vivado_Tcl 4-198] DRC finished with 0 Errors
INFO: [Vivado_Tcl 4-199] Please refer to the DRC report (report_drc) for more information.

Starting Placer Task
INFO: [Place 30-611] Multithreading enabled for place_design using a maximum of 8 CPUs

Phase 1 Placer Initialization

Phase 1.1 Placer Initialization Netlist Sorting
Netlist sorting complete. Time (s): cpu = 00:00:00 ; elapsed = 00:00:00 . Memory (MB): peak = 2717.418 ; gain = 0.000 ; free physical = 1016 ; free virtual = 10547
Phase 1.1 Placer Initialization Netlist Sorting | Checksum: 1299417df

Time (s): cpu = 00:00:00 ; elapsed = 00:00:00.01 . Memory (MB): peak = 2717.418 ; gain = 0.000 ; free physical = 1016 ; free virtual = 10547
Netlist sorting complete. Time (s): cpu = 00:00:00 ; elapsed = 00:00:00 . Memory (MB): peak = 2717.418 ; gain = 0.000 ; free physical = 1016 ; free virtual = 10547

Phase 1.2 IO Placement/ Clock Placement/ Build Placer Device
INFO: [Timing 38-35] Done setting XDC timing constraints.
Phase 1.2 IO Placement/ Clock Placement/ Build Placer Device | Checksum: 1299417df

Time (s): cpu = 00:00:00.16 ; elapsed = 00:00:00.06 . Memory (MB): peak = 2717.418 ; gain = 0.000 ; free physical = 1008 ; free virtual = 10539

Phase 1.3 Build Placer Netlist Model
Phase 1.3 Build Placer Netlist Model | Checksum: 17607bdad

Time (s): cpu = 00:00:00.23 ; elapsed = 00:00:00.06 . Memory (MB): peak = 2717.418 ; gain = 0.000 ; free physical = 1008 ; free virtual = 10539

Phase 1.4 Constrain Clocks/Macros
Phase 1.4 Constrain Clocks/Macros | Checksum: 17607bdad

Time (s): cpu = 00:00:00.23 ; elapsed = 00:00:00.06 . Memory (MB): peak = 2717.418 ; gain = 0.000 ; free physical = 1008 ; free virtual = 10539
Phase 1 Placer Initialization | Checksum: 17607bdad

Time (s): cpu = 00:00:00.24 ; elapsed = 00:00:00.07 . Memory (MB): peak = 2717.418 ; gain = 0.000 ; free physical = 1008 ; free virtual = 10539

Phase 2 Global Placement

Phase 2.1 Floorplanning
Phase 2.1 Floorplanning | Checksum: 17607bdad

Time (s): cpu = 00:00:00.24 ; elapsed = 00:00:00.07 . Memory (MB): peak = 2717.418 ; gain = 0.000 ; free physical = 1008 ; free virtual = 10538

Phase 2.2 Update Timing before SLR Path Opt
Phase 2.2 Update Timing before SLR Path Opt | Checksum: 17607bdad

Time (s): cpu = 00:00:00.24 ; elapsed = 00:00:00.07 . Memory (MB): peak = 2717.418 ; gain = 0.000 ; free physical = 1008 ; free virtual = 10538

Phase 2.3 Post-Processing in Floorplanning
Phase 2.3 Post-Processing in Floorplanning | Checksum: 17607bdad

Time (s): cpu = 00:00:00.24 ; elapsed = 00:00:00.07 . Memory (MB): peak = 2717.418 ; gain = 0.000 ; free physical = 1008 ; free virtual = 10538

Phase 2.4 Global Placement Core
WARNING: [Place 46-29] Timing had been disabled during Placer and, therefore, physical synthesis in Placer will be skipped.
Phase 2.4 Global Placement Core | Checksum: 181514a0e

Time (s): cpu = 00:00:00.57 ; elapsed = 00:00:00.12 . Memory (MB): peak = 2717.418 ; gain = 0.000 ; free physical = 976 ; free virtual = 10507
Phase 2 Global Placement | Checksum: 181514a0e

Time (s): cpu = 00:00:00.57 ; elapsed = 00:00:00.12 . Memory (MB): peak = 2717.418 ; gain = 0.000 ; free physical = 976 ; free virtual = 10507

Phase 3 Detail Placement

Phase 3.1 Commit Multi Column Macros
Phase 3.1 Commit Multi Column Macros | Checksum: 181514a0e

Time (s): cpu = 00:00:00.58 ; elapsed = 00:00:00.12 . Memory (MB): peak = 2717.418 ; gain = 0.000 ; free physical = 976 ; free virtual = 10507

Phase 3.2 Commit Most Macros & LUTRAMs
Phase 3.2 Commit Most Macros & LUTRAMs | Checksum: 21faedd42

Time (s): cpu = 00:00:00.61 ; elapsed = 00:00:00.12 . Memory (MB): peak = 2717.418 ; gain = 0.000 ; free physical = 976 ; free virtual = 10507

Phase 3.3 Area Swap Optimization
Phase 3.3 Area Swap Optimization | Checksum: 21638d35d

Time (s): cpu = 00:00:00.61 ; elapsed = 00:00:00.12 . Memory (MB): peak = 2717.418 ; gain = 0.000 ; free physical = 976 ; free virtual = 10507

Phase 3.4 Pipeline Register Optimization
Phase 3.4 Pipeline Register Optimization | Checksum: 21638d35d

Time (s): cpu = 00:00:00.61 ; elapsed = 00:00:00.12 . Memory (MB): peak = 2717.418 ; gain = 0.000 ; free physical = 976 ; free virtual = 10507

Phase 3.5 Small Shape Detail Placement
Phase 3.5 Small Shape Detail Placement | Checksum: 19f518338

Time (s): cpu = 00:00:00.84 ; elapsed = 00:00:00.16 . Memory (MB): peak = 2717.418 ; gain = 0.000 ; free physical = 973 ; free virtual = 10503

Phase 3.6 Re-assign LUT pins
Phase 3.6 Re-assign LUT pins | Checksum: 19f518338

Time (s): cpu = 00:00:00.84 ; elapsed = 00:00:00.16 . Memory (MB): peak = 2717.418 ; gain = 0.000 ; free physical = 973 ; free virtual = 10503

Phase 3.7 Pipeline Register Optimization
Phase 3.7 Pipeline Register Optimization | Checksum: 19f518338

Time (s): cpu = 00:00:00.84 ; elapsed = 00:00:00.16 . Memory (MB): peak = 2717.418 ; gain = 0.000 ; free physical = 973 ; free virtual = 10503
Phase 3 Detail Placement | Checksum: 19f518338

Time (s): cpu = 00:00:00.87 ; elapsed = 00:00:00.17 . Memory (MB): peak = 2717.418 ; gain = 0.000 ; free physical = 973 ; free virtual = 10503

Phase 4 Post Placement Optimization and Clean-Up

Phase 4.1 Post Commit Optimization
Phase 4.1 Post Commit Optimization | Checksum: 19f518338

Time (s): cpu = 00:00:00.96 ; elapsed = 00:00:00.18 . Memory (MB): peak = 2717.418 ; gain = 0.000 ; free physical = 972 ; free virtual = 10503

Phase 4.2 Post Placement Cleanup
Phase 4.2 Post Placement Cleanup | Checksum: 19f518338

Time (s): cpu = 00:00:00.96 ; elapsed = 00:00:00.18 . Memory (MB): peak = 2717.418 ; gain = 0.000 ; free physical = 972 ; free virtual = 10503

Phase 4.3 Placer Reporting

Phase 4.3.1 Print Estimated Congestion
INFO: [Place 30-612] Post-Placement Estimated Congestion 
 ____________________________________________________
|           | Global Congestion | Short Congestion  |
| Direction | Region Size       | Region Size       |
|___________|___________________|___________________|
|      North|                1x1|                1x1|
|___________|___________________|___________________|
|      South|                1x1|                1x1|
|___________|___________________|___________________|
|       East|                1x1|                1x1|
|___________|___________________|___________________|
|       West|                1x1|                1x1|
|___________|___________________|___________________|

Phase 4.3.1 Print Estimated Congestion | Checksum: 19f518338

Time (s): cpu = 00:00:00.97 ; elapsed = 00:00:00.18 . Memory (MB): peak = 2717.418 ; gain = 0.000 ; free physical = 972 ; free virtual = 10503
Phase 4.3 Placer Reporting | Checksum: 19f518338

Time (s): cpu = 00:00:00.97 ; elapsed = 00:00:00.18 . Memory (MB): peak = 2717.418 ; gain = 0.000 ; free physical = 972 ; free virtual = 10503

Phase 4.4 Final Placement Cleanup
Netlist sorting complete. Time (s): cpu = 00:00:00 ; elapsed = 00:00:00 . Memory (MB): peak = 2717.418 ; gain = 0.000 ; free physical = 972 ; free virtual = 10503

Time (s): cpu = 00:00:00.98 ; elapsed = 00:00:00.18 . Memory (MB): peak = 2717.418 ; gain = 0.000 ; free physical = 972 ; free virtual = 10503
Phase 4 Post Placement Optimization and Clean-Up | Checksum: 19f518338

Time (s): cpu = 00:00:00.98 ; elapsed = 00:00:00.18 . Memory (MB): peak = 2717.418 ; gain = 0.000 ; free physical = 972 ; free virtual = 10503
Ending Placer Task | Checksum: b19b11c8

Time (s): cpu = 00:00:00.98 ; elapsed = 00:00:00.18 . Memory (MB): peak = 2717.418 ; gain = 0.000 ; free physical = 972 ; free virtual = 10503
INFO: [Common 17-83] Releasing license: Implementation
41 Infos, 1 Warnings, 0 Critical Warnings and 0 Errors encountered.
place_design completed successfully
INFO: [runtcl-4] Executing : report_io -file adder4_io_placed.rpt
report_io: Time (s): cpu = 00:00:00.11 ; elapsed = 00:00:00.08 . Memory (MB): peak = 2717.418 ; gain = 0.000 ; free physical = 974 ; free virtual = 10505
INFO: [runtcl-4] Executing : report_utilization -file adder4_utilization_placed.rpt -pb adder4_utilization_placed.pb
INFO: [runtcl-4] Executing : report_control_sets -verbose -file adder4_control_sets_placed.rpt
report_control_sets: Time (s): cpu = 00:00:00.02 ; elapsed = 00:00:00.05 . Memory (MB): peak = 2717.418 ; gain = 0.000 ; free physical = 974 ; free virtual = 10504
INFO: [Timing 38-480] Writing timing data to binary archive.
Writing XDEF routing.
Writing XDEF routing logical nets.
Writing XDEF routing special nets.
Write XDEF Complete: Time (s): cpu = 00:00:00.03 ; elapsed = 00:00:00.01 . Memory (MB): peak = 2717.418 ; gain = 0.000 ; free physical = 973 ; free virtual = 10504
INFO: [Common 17-1381] The checkpoint '/home/lucas/lab_1/lab_1.runs/impl_1/adder4_placed.dcp' has been generated.
Command: phys_opt_design
Attempting to get a license for feature 'Implementation' and/or device 'xc7a35t'
INFO: [Common 17-349] Got license for feature 'Implementation' and/or device 'xc7a35t'

Starting Initial Update Timing Task

Time (s): cpu = 00:00:00 ; elapsed = 00:00:00 . Memory (MB): peak = 2717.418 ; gain = 0.000 ; free physical = 966 ; free virtual = 10497
INFO: [Vivado_Tcl 4-235] No timing constraint found. The netlist was not modified.
INFO: [Common 17-83] Releasing license: Implementation
49 Infos, 1 Warnings, 0 Critical Warnings and 0 Errors encountered.
phys_opt_design completed successfully
INFO: [Timing 38-480] Writing timing data to binary archive.
Writing XDEF routing.
Writing XDEF routing logical nets.
Writing XDEF routing special nets.
Write XDEF Complete: Time (s): cpu = 00:00:00.02 ; elapsed = 00:00:00.02 . Memory (MB): peak = 2717.418 ; gain = 0.000 ; free physical = 964 ; free virtual = 10495
INFO: [Common 17-1381] The checkpoint '/home/lucas/lab_1/lab_1.runs/impl_1/adder4_physopt.dcp' has been generated.
Command: route_design
Attempting to get a license for feature 'Implementation' and/or device 'xc7a35t'
INFO: [Common 17-349] Got license for feature 'Implementation' and/or device 'xc7a35t'
Running DRC as a precondition to command route_design
INFO: [DRC 23-27] Running DRC with 8 threads
INFO: [Vivado_Tcl 4-198] DRC finished with 0 Errors
INFO: [Vivado_Tcl 4-199] Please refer to the DRC report (report_drc) for more information.


Starting Routing Task
INFO: [Route 35-254] Multithreading enabled for route_design using a maximum of 8 CPUs

Phase 1 Build RT Design
Checksum: PlaceDB: 138f3690 ConstDB: 0 ShapeSum: 9e0bdb38 RouteDB: 0
Post Restoration Checksum: NetGraph: 3eb95fb3 | NumContArr: ac494d4a | Constraints: 190a55ad | Timing: 0
Phase 1 Build RT Design | Checksum: 1040d02aa

Time (s): cpu = 00:00:09 ; elapsed = 00:00:08 . Memory (MB): peak = 2755.980 ; gain = 23.980 ; free physical = 868 ; free virtual = 10399

Phase 2 Router Initialization
INFO: [Route 35-64] No timing constraints were detected. The router will operate in resource-optimization mode.

Phase 2.1 Fix Topology Constraints
Phase 2.1 Fix Topology Constraints | Checksum: 1040d02aa

Time (s): cpu = 00:00:09 ; elapsed = 00:00:08 . Memory (MB): peak = 2786.980 ; gain = 54.980 ; free physical = 838 ; free virtual = 10369

Phase 2.2 Pre Route Cleanup
Phase 2.2 Pre Route Cleanup | Checksum: 1040d02aa

Time (s): cpu = 00:00:09 ; elapsed = 00:00:08 . Memory (MB): peak = 2786.980 ; gain = 54.980 ; free physical = 838 ; free virtual = 10369
 Number of Nodes with overlaps = 0

Router Utilization Summary
  Global Vertical Routing Utilization    = 0 %
  Global Horizontal Routing Utilization  = 0 %
  Routable Net Status*
  *Does not include unroutable nets such as driverless and loadless.
  Run report_route_status for detailed report.
  Number of Failed Nets               = 15
    (Failed Nets is the sum of unrouted and partially routed nets)
  Number of Unrouted Nets             = 15
  Number of Partially Routed Nets     = 0
  Number of Node Overlaps             = 0

Phase 2 Router Initialization | Checksum: 62f5fff0

Time (s): cpu = 00:00:09 ; elapsed = 00:00:08 . Memory (MB): peak = 2795.980 ; gain = 63.980 ; free physical = 828 ; free virtual = 10359

Phase 3 Initial Routing

Phase 3.1 Global Routing
Phase 3.1 Global Routing | Checksum: 62f5fff0

Time (s): cpu = 00:00:09 ; elapsed = 00:00:08 . Memory (MB): peak = 2795.980 ; gain = 63.980 ; free physical = 828 ; free virtual = 10359
Phase 3 Initial Routing | Checksum: 14c6fc044

Time (s): cpu = 00:00:09 ; elapsed = 00:00:08 . Memory (MB): peak = 2795.980 ; gain = 63.980 ; free physical = 828 ; free virtual = 10359

Phase 4 Rip-up And Reroute

Phase 4.1 Global Iteration 0
 Number of Nodes with overlaps = 0
Phase 4.1 Global Iteration 0 | Checksum: 186ff099c

Time (s): cpu = 00:00:09 ; elapsed = 00:00:08 . Memory (MB): peak = 2795.980 ; gain = 63.980 ; free physical = 828 ; free virtual = 10359
Phase 4 Rip-up And Reroute | Checksum: 186ff099c

Time (s): cpu = 00:00:09 ; elapsed = 00:00:08 . Memory (MB): peak = 2795.980 ; gain = 63.980 ; free physical = 828 ; free virtual = 10359

Phase 5 Delay and Skew Optimization
Phase 5 Delay and Skew Optimization | Checksum: 186ff099c

Time (s): cpu = 00:00:09 ; elapsed = 00:00:08 . Memory (MB): peak = 2795.980 ; gain = 63.980 ; free physical = 828 ; free virtual = 10359

Phase 6 Post Hold Fix

Phase 6.1 Hold Fix Iter
Phase 6.1 Hold Fix Iter | Checksum: 186ff099c

Time (s): cpu = 00:00:09 ; elapsed = 00:00:08 . Memory (MB): peak = 2795.980 ; gain = 63.980 ; free physical = 828 ; free virtual = 10359
Phase 6 Post Hold Fix | Checksum: 186ff099c

Time (s): cpu = 00:00:09 ; elapsed = 00:00:08 . Memory (MB): peak = 2795.980 ; gain = 63.980 ; free physical = 828 ; free virtual = 10359

Phase 7 Route finalize

Router Utilization Summary
  Global Vertical Routing Utilization    = 0.0114008 %
  Global Horizontal Routing Utilization  = 0.00845914 %
  Routable Net Status*
  *Does not include unroutable nets such as driverless and loadless.
  Run report_route_status for detailed report.
  Number of Failed Nets               = 0
    (Failed Nets is the sum of unrouted and partially routed nets)
  Number of Unrouted Nets             = 0
  Number of Partially Routed Nets     = 0
  Number of Node Overlaps             = 0


--GLOBAL Congestion:
Utilization threshold used for congestion level computation: 0.85
Congestion Report
North Dir 1x1 Area, Max Cong = 16.2162%, No Congested Regions.
South Dir 1x1 Area, Max Cong = 16.2162%, No Congested Regions.
East Dir 1x1 Area, Max Cong = 4.41176%, No Congested Regions.
West Dir 1x1 Area, Max Cong = 5.88235%, No Congested Regions.

------------------------------
Reporting congestion hotspots
------------------------------
Direction: North
----------------
Congested clusters found at Level 0
Effective congestion level: 0 Aspect Ratio: 1 Sparse Ratio: 0
Direction: South
----------------
Congested clusters found at Level 0
Effective congestion level: 0 Aspect Ratio: 1 Sparse Ratio: 0
Direction: East
----------------
Congested clusters found at Level 0
Effective congestion level: 0 Aspect Ratio: 1 Sparse Ratio: 0
Direction: West
----------------
Congested clusters found at Level 0
Effective congestion level: 0 Aspect Ratio: 1 Sparse Ratio: 0

Phase 7 Route finalize | Checksum: 186ff099c

Time (s): cpu = 00:00:09 ; elapsed = 00:00:08 . Memory (MB): peak = 2795.980 ; gain = 63.980 ; free physical = 828 ; free virtual = 10359

Phase 8 Verifying routed nets

 Verification completed successfully
Phase 8 Verifying routed nets | Checksum: 186ff099c

Time (s): cpu = 00:00:09 ; elapsed = 00:00:08 . Memory (MB): peak = 2795.980 ; gain = 63.980 ; free physical = 827 ; free virtual = 10359

Phase 9 Depositing Routes
Phase 9 Depositing Routes | Checksum: 180c0f4c3

Time (s): cpu = 00:00:09 ; elapsed = 00:00:08 . Memory (MB): peak = 2795.980 ; gain = 63.980 ; free physical = 827 ; free virtual = 10359
INFO: [Route 35-16] Router Completed Successfully

Phase 10 Post-Route Event Processing
Phase 10 Post-Route Event Processing | Checksum: 162afc36b

Time (s): cpu = 00:00:09 ; elapsed = 00:00:08 . Memory (MB): peak = 2795.980 ; gain = 63.980 ; free physical = 827 ; free virtual = 10359

Time (s): cpu = 00:00:09 ; elapsed = 00:00:08 . Memory (MB): peak = 2795.980 ; gain = 63.980 ; free physical = 827 ; free virtual = 10359

Routing Is Done.
INFO: [Common 17-83] Releasing license: Implementation
59 Infos, 1 Warnings, 0 Critical Warnings and 0 Errors encountered.
route_design completed successfully
route_design: Time (s): cpu = 00:00:10 ; elapsed = 00:00:08 . Memory (MB): peak = 2795.980 ; gain = 78.562 ; free physical = 827 ; free virtual = 10359
INFO: [runtcl-4] Executing : report_drc -file adder4_drc_routed.rpt -pb adder4_drc_routed.pb -rpx adder4_drc_routed.rpx
Command: report_drc -file adder4_drc_routed.rpt -pb adder4_drc_routed.pb -rpx adder4_drc_routed.rpx
INFO: [IP_Flow 19-1839] IP Catalog is up to date.
INFO: [DRC 23-27] Running DRC with 8 threads
INFO: [Vivado_Tcl 2-168] The results of DRC are in file /home/lucas/lab_1/lab_1.runs/impl_1/adder4_drc_routed.rpt.
report_drc completed successfully
INFO: [runtcl-4] Executing : report_methodology -file adder4_methodology_drc_routed.rpt -pb adder4_methodology_drc_routed.pb -rpx adder4_methodology_drc_routed.rpx
Command: report_methodology -file adder4_methodology_drc_routed.rpt -pb adder4_methodology_drc_routed.pb -rpx adder4_methodology_drc_routed.rpx
INFO: [Timing 38-35] Done setting XDC timing constraints.
INFO: [DRC 23-133] Running Methodology with 8 threads
INFO: [Vivado_Tcl 2-1520] The results of Report Methodology are in file /home/lucas/lab_1/lab_1.runs/impl_1/adder4_methodology_drc_routed.rpt.
report_methodology completed successfully
INFO: [runtcl-4] Executing : report_power -file adder4_power_routed.rpt -pb adder4_power_summary_routed.pb -rpx adder4_power_routed.rpx
Command: report_power -file adder4_power_routed.rpt -pb adder4_power_summary_routed.pb -rpx adder4_power_routed.rpx
INFO: [Timing 38-35] Done setting XDC timing constraints.
WARNING: [Power 33-232] No user defined clocks were found in the design! Power estimation will be inaccurate until this is corrected.
Resolution: Please specify clocks using create_clock/create_generated_clock for sequential elements. For pure combinatorial circuits, please specify a virtual clock, otherwise the vectorless estimation might be inaccurate
Running Vector-less Activity Propagation...

Finished Running Vector-less Activity Propagation
69 Infos, 2 Warnings, 0 Critical Warnings and 0 Errors encountered.
report_power completed successfully
INFO: [runtcl-4] Executing : report_route_status -file adder4_route_status.rpt -pb adder4_route_status.pb
INFO: [runtcl-4] Executing : report_timing_summary -max_paths 10 -report_unconstrained -file adder4_timing_summary_routed.rpt -pb adder4_timing_summary_routed.pb -rpx adder4_timing_summary_routed.rpx -warn_on_violation 
INFO: [Timing 38-91] UpdateTimingParams: Speed grade: -1, Delay Type: min_max.
INFO: [Timing 38-191] Multithreading enabled for timing update using a maximum of 8 CPUs
WARNING: [Timing 38-313] There are no user specified timing constraints. Timing constraints are needed for proper timing analysis.
INFO: [runtcl-4] Executing : report_incremental_reuse -file adder4_incremental_reuse_routed.rpt
INFO: [Vivado_Tcl 4-1062] Incremental flow is disabled. No incremental reuse Info to report.
INFO: [runtcl-4] Executing : report_clock_utilization -file adder4_clock_utilization_routed.rpt
INFO: [runtcl-4] Executing : report_bus_skew -warn_on_violation -file adder4_bus_skew_routed.rpt -pb adder4_bus_skew_routed.pb -rpx adder4_bus_skew_routed.rpx
INFO: [Timing 38-91] UpdateTimingParams: Speed grade: -1, Delay Type: min_max.
INFO: [Timing 38-191] Multithreading enabled for timing update using a maximum of 8 CPUs
INFO: [Timing 38-480] Writing timing data to binary archive.
Writing XDEF routing.
Writing XDEF routing logical nets.
Writing XDEF routing special nets.
Write XDEF Complete: Time (s): cpu = 00:00:00.02 ; elapsed = 00:00:00.01 . Memory (MB): peak = 2905.770 ; gain = 0.000 ; free physical = 793 ; free virtual = 10324
INFO: [Common 17-1381] The checkpoint '/home/lucas/lab_1/lab_1.runs/impl_1/adder4_routed.dcp' has been generated.
Command: write_bitstream -force adder4.bit
Attempting to get a license for feature 'Implementation' and/or device 'xc7a35t'
INFO: [Common 17-349] Got license for feature 'Implementation' and/or device 'xc7a35t'
Running DRC as a precondition to command write_bitstream
INFO: [IP_Flow 19-1839] IP Catalog is up to date.
INFO: [DRC 23-27] Running DRC with 8 threads
INFO: [Vivado 12-3199] DRC finished with 0 Errors
INFO: [Vivado 12-3200] Please refer to the DRC report (report_drc) for more information.
INFO: [Designutils 20-2272] Running write_bitstream with 8 threads.
Loading data files...
Loading site data...
Loading route data...
Processing options...
Creating bitmap...
Creating bitstream...
Bitstream compression saved 15855136 bits.
Writing bitstream ./adder4.bit...
INFO: [Vivado 12-1842] Bitgen Completed Successfully.
INFO: [Project 1-1876] WebTalk data collection is mandatory when using a ULT device. To see the specific WebTalk data collected for your design, open the usage_statistics_webtalk.html or usage_statistics_webtalk.xml file in the implementation directory.
INFO: [Common 17-83] Releasing license: Implementation
14 Infos, 0 Warnings, 0 Critical Warnings and 0 Errors encountered.
write_bitstream completed successfully
write_bitstream: Time (s): cpu = 00:00:04 ; elapsed = 00:00:07 . Memory (MB): peak = 3194.945 ; gain = 289.176 ; free physical = 453 ; free virtual = 9988
INFO: [Common 17-206] Exiting Vivado at Tue Sep 12 16:52:32 2023...
